<?xml version="1.0" encoding="UTF-8"?>
<testng-results ignored="0" total="3" passed="3" failed="0" skipped="0">
  <reporter-output>
  </reporter-output>
  <suite started-at="2024-12-05T19:38:29 WET" name="Surefire suite" finished-at="2024-12-05T19:38:35 WET" duration-ms="6125">
    <groups>
      <group name="cucumber">
        <method signature="AbstractTestNGCucumberTests.runScenario(io.cucumber.testng.PickleWrapper,io.cucumber.testng.FeatureWrapper)[pri:0, instance:jPetStoreBDD.TestRunner@27ce24aa]" name="runScenario" class="io.cucumber.testng.AbstractTestNGCucumberTests"/>
      </group> <!-- cucumber -->
    </groups>
    <test started-at="2024-12-05T19:38:29 WET" name="Surefire test" finished-at="2024-12-05T19:38:35 WET" duration-ms="6125">
      <class name="jPetStoreBDD.TestRunner">
        <test-method is-config="true" signature="setUpClass(org.testng.ITestContext)[pri:0, instance:jPetStoreBDD.TestRunner@27ce24aa]" started-at="2024-12-05T19:38:29 WET" name="setUpClass" finished-at="2024-12-05T19:38:30 WET" duration-ms="546" status="PASS">
          <params>
            <param index="0">
              <value>
                <![CDATA[org.testng.TestRunner@6743e411]]>
              </value>
            </param>
          </params>
          <reporter-output>
          </reporter-output>
        </test-method> <!-- setUpClass -->
        <test-method signature="runScenario(io.cucumber.testng.PickleWrapper,io.cucumber.testng.FeatureWrapper)[pri:0, instance:jPetStoreBDD.TestRunner@27ce24aa]" started-at="2024-12-05T19:38:30 WET" name="runScenario" description="Runs Cucumber Scenarios" data-provider="scenarios" finished-at="2024-12-05T19:38:34 WET" duration-ms="3890" status="PASS">
          <params>
            <param index="0">
              <value>
                <![CDATA["Test Login with valid data"]]>
              </value>
            </param>
            <param index="1">
              <value>
                <![CDATA["Pet Store Website"]]>
              </value>
            </param>
          </params>
          <reporter-output>
          </reporter-output>
        </test-method> <!-- runScenario -->
        <test-method signature="runScenario(io.cucumber.testng.PickleWrapper,io.cucumber.testng.FeatureWrapper)[pri:0, instance:jPetStoreBDD.TestRunner@27ce24aa]" started-at="2024-12-05T19:38:30 WET" name="runScenario" description="Runs Cucumber Scenarios" data-provider="scenarios" finished-at="2024-12-05T19:38:35 WET" duration-ms="5444" status="PASS">
          <params>
            <param index="0">
              <value>
                <![CDATA["Make purchase on the website"]]>
              </value>
            </param>
            <param index="1">
              <value>
                <![CDATA["Pet Store Website"]]>
              </value>
            </param>
          </params>
          <reporter-output>
          </reporter-output>
        </test-method> <!-- runScenario -->
        <test-method signature="runScenario(io.cucumber.testng.PickleWrapper,io.cucumber.testng.FeatureWrapper)[pri:0, instance:jPetStoreBDD.TestRunner@27ce24aa]" started-at="2024-12-05T19:38:30 WET" name="runScenario" description="Runs Cucumber Scenarios" data-provider="scenarios" finished-at="2024-12-05T19:38:35 WET" duration-ms="5239" status="PASS">
          <params>
            <param index="0">
              <value>
                <![CDATA["Test Register with valid data"]]>
              </value>
            </param>
            <param index="1">
              <value>
                <![CDATA["Pet Store Website"]]>
              </value>
            </param>
          </params>
          <reporter-output>
          </reporter-output>
        </test-method> <!-- runScenario -->
        <test-method is-config="true" signature="tearDownClass()[pri:0, instance:jPetStoreBDD.TestRunner@27ce24aa]" started-at="2024-12-05T19:38:35 WET" name="tearDownClass" finished-at="2024-12-05T19:38:35 WET" duration-ms="98" status="PASS">
          <reporter-output>
          </reporter-output>
        </test-method> <!-- tearDownClass -->
      </class> <!-- jPetStoreBDD.TestRunner -->
    </test> <!-- Surefire test -->
  </suite> <!-- Surefire suite -->
</testng-results>
