<?xml version="1.0" encoding="UTF-8"?>
<testng-results ignored="0" total="0" passed="0" failed="0" skipped="0">
  <reporter-output>
  </reporter-output>
  <suite started-at="2024-11-30T17:59:31 WET" name="JPetStore Suite" finished-at="2024-11-30T17:59:31 WET" duration-ms="12">
    <groups>
    </groups>
    <test started-at="2024-11-30T17:59:31 WET" name="Firefox Test" finished-at="2024-11-30T17:59:31 WET" duration-ms="12">
    </test> <!-- Firefox Test -->
    <test started-at="2024-11-30T17:59:31 WET" name="Chrome Test" finished-at="2024-11-30T17:59:31 WET" duration-ms="12">
    </test> <!-- Chrome Test -->
  </suite> <!-- JPetStore Suite -->
</testng-results>
